[debug] [2021-05-20T15:14:28.495Z] ----------------------------------------------------------------------
[debug] [2021-05-20T15:14:28.496Z] Command:       C:\Program Files\nodejs\node.exe C:\Users\ASUS\AppData\Roaming\npm\node_modules\firebase-tools\lib\bin\firebase.js init
[debug] [2021-05-20T15:14:28.497Z] CLI Version:   9.10.0
[debug] [2021-05-20T15:14:28.497Z] Platform:      win32
[debug] [2021-05-20T15:14:28.497Z] Node Version:  v14.16.0
[debug] [2021-05-20T15:14:28.498Z] Time:          Thu May 20 2021 21:14:28 GMT+0600 (Bangladesh Standard Time)
[debug] [2021-05-20T15:14:28.498Z] ----------------------------------------------------------------------
[debug] 
[debug] [2021-05-20T15:14:28.504Z] > command requires scopes: ["email","openid","https://www.googleapis.com/auth/cloudplatformprojects.readonly","https://www.googleapis.com/auth/firebase","https://www.googleapis.com/auth/cloud-platform"]
[debug] [2021-05-20T15:14:28.504Z] > authorizing via signed-in user (arjuarju71@gmail.com)
[info] 
     ######## #### ########  ######## ########     ###     ######  ########
     ##        ##  ##     ## ##       ##     ##  ##   ##  ##       ##
     ######    ##  ########  ######   ########  #########  ######  ######
     ##        ##  ##    ##  ##       ##     ## ##     ##       ## ##
     ##       #### ##     ## ######## ########  ##     ##  ######  ########

You're about to initialize a Firebase project in this directory:

  H:\Portfolio project\swimmer-client

Before we get started, keep in mind:

  * You are initializing in an existing Firebase project directory

[info] 
=== Project Setup
[info] 
[info] First, let's associate this project directory with a Firebase project.
[info] You can create multiple project aliases by running firebase use --add, 
[info] but for now we'll just set up a default project.
[info] 
[info] i  .firebaserc already has a default project, using swimmer-client-side. 
[debug] [2021-05-20T15:15:05.107Z] > refreshing access token with scopes: []
[debug] [2021-05-20T15:15:05.108Z] >>> HTTP REQUEST POST https://www.googleapis.com/oauth2/v3/token  
 <request body omitted>
[debug] [2021-05-20T15:15:05.783Z] <<< HTTP RESPONSE 200 {"expires":"Mon, 01 Jan 1990 00:00:00 GMT","date":"Thu, 20 May 2021 15:15:07 GMT","pragma":"no-cache","cache-control":"no-cache, no-store, max-age=0, must-revalidate","content-type":"application/json; charset=utf-8","vary":"X-Origin, Referer, Origin,Accept-Encoding","server":"scaffolding on HTTPServer2","x-xss-protection":"0","x-frame-options":"SAMEORIGIN","x-content-type-options":"nosniff","alt-svc":"h3-29=\":443\"; ma=2592000,h3-T051=\":443\"; ma=2592000,h3-Q050=\":443\"; ma=2592000,h3-Q046=\":443\"; ma=2592000,h3-Q043=\":443\"; ma=2592000,quic=\":443\"; ma=2592000; v=\"46,43\"","accept-ranges":"none","transfer-encoding":"chunked"}
[debug] [2021-05-20T15:15:05.798Z] >>> [apiv2][query] GET https://firebase.googleapis.com/v1beta1/projects/swimmer-client-side [none]
[debug] [2021-05-20T15:15:06.365Z] <<< [apiv2][status] GET https://firebase.googleapis.com/v1beta1/projects/swimmer-client-side 200
[debug] [2021-05-20T15:15:06.365Z] <<< [apiv2][body] GET https://firebase.googleapis.com/v1beta1/projects/swimmer-client-side {"projectId":"swimmer-client-side","projectNumber":"501284587480","displayName":"swimmer-client-side","name":"projects/swimmer-client-side","resources":{"hostingSite":"swimmer-client-side"},"state":"ACTIVE"}
[info] 
=== Hosting Setup
[info] 
[info] Your public directory is the folder (relative to your project directory) that
[info] will contain Hosting assets to be uploaded with firebase deploy. If you
[info] have a build process for your assets, use your build's output directory.
[info] 
[debug] [2021-05-20T15:15:34.635Z] >>> [apiv2][query] GET https://www.gstatic.com/firebasejs/releases.json [none]
[debug] [2021-05-20T15:15:35.200Z] <<< [apiv2][status] GET https://www.gstatic.com/firebasejs/releases.json 200
[debug] [2021-05-20T15:15:35.200Z] <<< [apiv2][body] GET https://www.gstatic.com/firebasejs/releases.json {"current":{"version":"8.6.1","browserURL":"https://www.gstatic.com/firebasejs/8.6.1/firebase.js","packageURL":"https://www.gstatic.com/firebasejs/8.6.1/firebase.tgz"},"live":{"version":"8.6","browserURL":"https://www.gstatic.com/firebasejs/live/8.6/firebase.js","packageURL":"https://www.gstatic.com/firebasejs/live/8.6/firebase.tgz"},"components":{"analytics":"https://www.gstatic.com/firebasejs/8.6.1/firebase-analytics.js","app":"https://www.gstatic.com/firebasejs/8.6.1/firebase-app.js","app-check":"https://www.gstatic.com/firebasejs/8.6.1/firebase-app-check.js","auth":"https://www.gstatic.com/firebasejs/8.6.1/firebase-auth.js","database":"https://www.gstatic.com/firebasejs/8.6.1/firebase-database.js","firestore":"https://www.gstatic.com/firebasejs/8.6.1/firebase-firestore.js","functions":"https://www.gstatic.com/firebasejs/8.6.1/firebase-functions.js","installations":"https://www.gstatic.com/firebasejs/8.6.1/firebase-installations.js","messaging":"https://www.gstatic.com/firebasejs/8.6.1/firebase-messaging.js","storage":"https://www.gstatic.com/firebasejs/8.6.1/firebase-storage.js","performance":"https://www.gstatic.com/firebasejs/8.6.1/firebase-performance.js","remote-config":"https://www.gstatic.com/firebasejs/8.6.1/firebase-remote-config.js","firestore.memory":"https://www.gstatic.com/firebasejs/8.6.1/firebase-firestore.memory.js"}}
[info] +  Wrote build/index.html 
[info] 
[info] i  Didn't detect a .git folder. Assuming H:\Portfolio project\swimmer-client is the project root. 
[info] i  Authorizing with GitHub to upload your service account to a GitHub repository's secrets store. 
[info] 
[info] Visit this URL on this device to log in:
[info] https://github.com/login/oauth/authorize?client_id=89cf50f02ac6aaed3484&state=236772692&redirect_uri=http%3A%2F%2Flocalhost%3A9005&scope=read%3Auser%20repo%20public_repo
[info] 
[info] Waiting for authentication...
[debug] [2021-05-20T15:15:36.868Z] >>> HTTP REQUEST POST https://github.com/login/oauth/access_token  
 {"client_id":"89cf50f02ac6aaed3484","client_secret":"3330d14abc895d9a74d5f17cd7a00711fa2c5bf0","code":"83c5bcb6bc254985d817","redirect_uri":"http://localhost:9005","state":"236772692"}
[debug] [2021-05-20T15:15:37.459Z] <<< HTTP RESPONSE 200 {"server":"GitHub.com","date":"Thu, 20 May 2021 15:15:38 GMT","content-type":"application/json; charset=utf-8","transfer-encoding":"chunked","vary":"X-PJAX, Accept-Encoding, Accept, X-Requested-With","permissions-policy":"interest-cohort=()","etag":"W/\"8561cb4702a833dc9099192ab7faa0b4\"","cache-control":"max-age=0, private, must-revalidate","strict-transport-security":"max-age=31536000; includeSubdomains; preload","x-frame-options":"deny","x-content-type-options":"nosniff","x-xss-protection":"0","referrer-policy":"origin-when-cross-origin, strict-origin-when-cross-origin","expect-ct":"max-age=2592000, report-uri=\"https://api.github.com/_private/browser/errors\"","content-security-policy":"default-src 'none'; base-uri 'self'; block-all-mixed-content; connect-src 'self' uploads.github.com www.githubstatus.com collector.githubapp.com api.github.com github-cloud.s3.amazonaws.com github-production-repository-file-5c1aeb.s3.amazonaws.com github-production-upload-manifest-file-7fdce7.s3.amazonaws.com github-production-user-asset-6210df.s3.amazonaws.com cdn.optimizely.com logx.optimizely.com/v1/events wss://alive.github.com; font-src github.githubassets.com; form-action 'self' github.com gist.github.com; frame-ancestors 'none'; frame-src render.githubusercontent.com; img-src 'self' data: github.githubassets.com identicons.github.com collector.githubapp.com github-cloud.s3.amazonaws.com secured-user-images.githubusercontent.com/ *.githubusercontent.com; manifest-src 'self'; media-src 'none'; script-src github.githubassets.com; style-src 'unsafe-inline' github.githubassets.com; worker-src github.com/socket-worker-3f088aa2.js gist.github.com/socket-worker-3f088aa2.js","x-github-request-id":"2251:6D2E:2D156E:31CEFD:60A67D1A"}
[debug] [2021-05-20T15:15:37.464Z] >>> [apiv2][query] GET https://api.github.com/user [none]
[debug] [2021-05-20T15:15:40.118Z] <<< [apiv2][status] GET https://api.github.com/user 200
[debug] [2021-05-20T15:15:40.119Z] <<< [apiv2][body] GET https://api.github.com/user {"login":"arju10","id":52301135,"node_id":"MDQ6VXNlcjUyMzAxMTM1","avatar_url":"https://avatars.githubusercontent.com/u/52301135?v=4","gravatar_id":"","url":"https://api.github.com/users/arju10","html_url":"https://github.com/arju10","followers_url":"https://api.github.com/users/arju10/followers","following_url":"https://api.github.com/users/arju10/following{/other_user}","gists_url":"https://api.github.com/users/arju10/gists{/gist_id}","starred_url":"https://api.github.com/users/arju10/starred{/owner}{/repo}","subscriptions_url":"https://api.github.com/users/arju10/subscriptions","organizations_url":"https://api.github.com/users/arju10/orgs","repos_url":"https://api.github.com/users/arju10/repos","events_url":"https://api.github.com/users/arju10/events{/privacy}","received_events_url":"https://api.github.com/users/arju10/received_events","type":"User","site_admin":false,"name":null,"company":null,"blog":"","location":null,"email":null,"hireable":null,"bio":null,"twitter_username":null,"public_repos":29,"public_gists":0,"followers":0,"following":4,"created_at":"2019-06-27T23:14:29Z","updated_at":"2021-05-02T09:39:19Z","private_gists":0,"total_private_repos":0,"owned_private_repos":0,"disk_usage":152188,"collaborators":0,"two_factor_authentication":false,"plan":{"name":"free","space":976562499,"collaborators":0,"private_repos":10000}}
[info] 
[info] +  Success! Logged into GitHub as arju10 
[info] 
[debug] [2021-05-20T15:16:12.639Z] >>> [apiv2][query] GET https://api.github.com/repos//actions/secrets/public-key type=owner
[debug] [2021-05-20T15:16:14.040Z] <<< [apiv2][status] GET https://api.github.com/repos//actions/secrets/public-key 404
[debug] [2021-05-20T15:16:14.041Z] <<< [apiv2][body] GET https://api.github.com/repos//actions/secrets/public-key {"message":"Not Found","documentation_url":"https://docs.github.com/rest"}
[debug] [2021-05-20T15:16:16.540Z] >>> [apiv2][query] GET https://api.github.com/repos//actions/secrets/public-key type=owner
[debug] [2021-05-20T15:16:17.184Z] <<< [apiv2][status] GET https://api.github.com/repos//actions/secrets/public-key 404
[debug] [2021-05-20T15:16:17.184Z] <<< [apiv2][body] GET https://api.github.com/repos//actions/secrets/public-key {"message":"Not Found","documentation_url":"https://docs.github.com/rest"}
